1720445507488	geckodriver	INFO	Listening on 127.0.0.1:54646
1720445510894	mozrunner::runner	INFO	Running command: "C:\\Program Files\\Mozilla Firefox\\firefox.exe" "--marionette" "--remote-debugging-port" "54648" "--remote-allow-hosts" "localhost" "-no-remote" "-profile" "C:\\Users\\tarek\\AppData\\Local\\Temp\\rust_mozprofilej9ZTjh"
console.warn: services.settings: Ignoring preference override of remote settings server
console.warn: services.settings: Allow by setting MOZ_REMOTE_SETTINGS_DEVTOOLS=1 in the environment
Dynamically enable window occlusion 0
1720445515681	Marionette	INFO	Marionette enabled
1720445521716	Marionette	INFO	Listening on port 54667
Read port: 54667
WebDriver BiDi listening on ws://127.0.0.1:54648
Read port: 54667
Read port: 54667
Read port: 54667
Read port: 54667
1720445528081	RemoteAgent	WARN	TLS certificate errors will be ignored for this session
1720445553470	addons.xpi	ERROR	System addon update list error SyntaxError: XMLHttpRequest.open: 'http://%(server)s/dummy-system-addons.xml' is not a valid URL.
DevTools listening on ws://127.0.0.1:54649/devtools/browser/dcf2a435-70dd-455e-97af-a86dd8227529
JavaScript error: http://74.249.194.145:1030/assets/scripts/fingerPrintLib.js, line 9: SyntaxError: export declarations may only appear at top level of a module
JavaScript error: resource://gre/modules/LoginManagerChild.sys.mjs, line 120: NS_NOINTERFACE: Component returned failure code: 0x80004002 (NS_NOINTERFACE) [nsIWebProgress.DOMWindow]
JavaScript error: resource://gre/modules/LoginManagerChild.sys.mjs, line 120: NS_NOINTERFACE: Component returned failure code: 0x80004002 (NS_NOINTERFACE) [nsIWebProgress.DOMWindow]
1720445793626	Marionette	WARN	TimedPromise timed out after 500 ms: stacktrace:
TimedPromise/<@chrome://remote/content/marionette/sync.sys.mjs:219:24
TimedPromise@chrome://remote/content/marionette/sync.sys.mjs:203:10
interaction.flushEventLoop@chrome://remote/content/marionette/interaction.sys.mjs:467:10
webdriverClickElement@chrome://remote/content/marionette/interaction.sys.mjs:220:33
console.warn: LoginRecipes: "Falling back to a synchronous message for: http://74.249.194.145:1030."
1720445835557	Marionette	INFO	Stopped listening on port 54666
JavaScript warning: https://www.gstatic.com/_/mss/boq-identity/_/js/k=boq-identity.IdpIFrameHttp.en_US.BrWqQzb2VrQ.es5.O/am=MAw/d=1/rs=AOaEmlFirpo6ax1htZEBGzCBU6k4qLfZ2w/m=base, line 126: Script terminated by timeout at:
cg.prototype.P@https://www.gstatic.com/_/mss/boq-identity/_/js/k=boq-identity.IdpIFrameHttp.en_US.BrWqQzb2VrQ.es5.O/am=MAw/d=1/rs=AOaEmlFirpo6ax1htZEBGzCBU6k4qLfZ2w/m=base:126:24

Dynamically enable window occlusion 1
s/boq-identity/_/js/k=boq-identity.IdpIFrameHttp.en_US.BrWqQzb2VrQ.es5.O/am=MAw/d=1/rs=AOaEmlFirpo6ax1htZEBGzCBU6k4qLfZ2w/m=base, line 126: Script terminated by timeout at:
cg.prototype.P@https://www.gstatic.com/_/mss/boq-identity/_/js/k=boq-identity.IdpIFrameHttp.en_US.BrWqQzb2VrQ.es5.O/am=MAw/d=1/rs=AOaEmlFirpo6ax1htZEBGzCBU6k4qLfZ2w/m=base:126:24

Dynamically enable window occlusion 1
